\BOOKMARK [0][-]{section*.5}{\376\377\000O\000r\000d\000l\000i\000s\000t\000e}{}% 1
\BOOKMARK [0][-]{chapter.1}{\376\377\000I\000n\000n\000l\000e\000i\000i\000n\000g}{}% 2
\BOOKMARK [1][-]{section.1.1}{\376\377\000O\000m\000\040\000o\000s\000s}{chapter.1}% 3
\BOOKMARK [1][-]{section.1.2}{\376\377\000O\000p\000p\000d\000r\000a\000g\000s\000g\000i\000v\000a\000r}{chapter.1}% 4
\BOOKMARK [0][-]{chapter.2}{\376\377\000A\000n\000a\000l\000y\000s\000e\000\040\000a\000v\000\040\000p\000r\000o\000b\000l\000e\000m\000e\000t}{}% 5
\BOOKMARK [1][-]{section.2.1}{\376\377\000P\000r\000o\000b\000l\000e\000m\000s\000t\000i\000l\000l\000i\000n\000g}{chapter.2}% 6
\BOOKMARK [1][-]{section.2.2}{\376\377\000L\000\370\000y\000s\000n\000i\000n\000g\000s\000f\000o\000r\000s\000l\000a\000g}{chapter.2}% 7
\BOOKMARK [2][-]{subsection.2.2.1}{\376\377\000L\000\370\000y\000s\000n\000i\000n\000g\000s\000a\000l\000t\000e\000r\000n\000a\000t\000i\000v\000:\000\040\000B\000y\000t\000t\000e\000\040\000P\000L\000S}{section.2.2}% 8
\BOOKMARK [2][-]{subsection.2.2.2}{\376\377\000L\000\370\000y\000s\000n\000i\000n\000g\000s\000a\000l\000t\000e\000r\000n\000a\000t\000i\000v\000:\000\040\000B\000y\000t\000t\000e\000\040\000P\000L\000S\000,\000\040\000o\000v\000e\000r\000s\000e\000t\000t\000e\000\040\000k\000o\000d\000e}{section.2.2}% 9
\BOOKMARK [2][-]{subsection.2.2.3}{\376\377\000L\000\370\000y\000s\000n\000i\000n\000g\000s\000a\000l\000t\000e\000r\000n\000a\000t\000i\000v\000:\000\040\000S\000t\000y\000r\000e\000s\000y\000s\000t\000e\000m\000\040\000A\000\040\000t\000i\000l\000\040\000\305}{section.2.2}% 10
\BOOKMARK [2][-]{subsection.2.2.4}{\376\377\000L\000\370\000y\000s\000n\000i\000n\000g\000s\000a\000l\000t\000e\000r\000n\000a\000t\000i\000v\000:\000\040\000N\000y\000t\000t\000\040\000a\000n\000l\000e\000g\000g\000,\000\040\000m\000o\000d\000e\000r\000n\000e\000\040\000t\000e\000k\000n\000o\000l\000o\000g\000i}{section.2.2}% 11
\BOOKMARK [1][-]{section.2.3}{\376\377\000V\000a\000l\000\040\000o\000g\000\040\000D\000r\000\370\000f\000t\000i\000n\000g}{chapter.2}% 12
\BOOKMARK [0][-]{chapter.3}{\376\377\000K\000r\000a\000v\000\040\000o\000g\000\040\000m\000\345\000l}{}% 13
\BOOKMARK [1][-]{section.3.1}{\376\377\000K\000r\000a\000v}{chapter.3}% 14
\BOOKMARK [1][-]{section.3.2}{\376\377\000M\000\345\000l}{chapter.3}% 15
\BOOKMARK [1][-]{section.3.3}{\376\377\000O\000p\000p\000g\000r\000a\000d\000e\000r\000i\000n\000g\000a\000r}{chapter.3}% 16
\BOOKMARK [0][-]{chapter.4}{\376\377\000A\000n\000l\000e\000g\000g\000e\000t\000s\000\040\000v\000e\000r\000k\000e\000m\000\345\000t\000e}{}% 17
\BOOKMARK [1][-]{section.4.1}{\376\377\000G\000e\000n\000e\000r\000e\000l\000\040\000v\000e\000r\000k\000e\000m\000\345\000t\000e}{chapter.4}% 18
\BOOKMARK [1][-]{section.4.2}{\376\377\000T\000e\000k\000n\000o\000l\000o\000g\000i\000s\000k\000\040\000V\000e\000r\000k\000e\000m\000\345\000t\000e}{chapter.4}% 19
\BOOKMARK [1][-]{section.4.3}{\376\377\000T\000e\000o\000r\000e\000t\000i\000s\000k\000\040\000V\000i\000r\000k\000e\000m\000\345\000t\000e}{chapter.4}% 20
\BOOKMARK [1][-]{section.4.4}{\376\377\000P\000r\000a\000k\000t\000i\000s\000k\000\040\000V\000i\000r\000k\000e\000m\000\345\000t\000e}{chapter.4}% 21
\BOOKMARK [0][-]{chapter.5}{\376\377\000T\000i\000l\000l\000r\000e\000t\000t\000e\000l\000e\000g\000g\000i\000n\000g\000\040\000f\000o\000r\000\040\000p\000r\000o\000g\000r\000a\000m\000m\000e\000r\000i\000n\000g}{}% 22
\BOOKMARK [1][-]{section.5.1}{\376\377\000C\000o\000d\000e\000s\000y\000s}{chapter.5}% 23
\BOOKMARK [1][-]{section.5.2}{\376\377\000I\000E\000C}{chapter.5}% 24
\BOOKMARK [1][-]{section.5.3}{\376\377\000T\000i\000l\000s\000t\000a\000n\000d\000s\000m\000a\000s\000k\000i\000n}{chapter.5}% 25
\BOOKMARK [1][-]{section.5.4}{\376\377\000S\000C\000D}{chapter.5}% 26
\BOOKMARK [0][-]{chapter.6}{\376\377\000P\000r\000o\000g\000r\000a\000m\000m\000e\000r\000i\000n\000g}{}% 27
\BOOKMARK [1][-]{section.6.1}{\376\377\000P\000r\000o\000g\000r\000a\000m\000e\000r\000i\000n\000g}{chapter.6}% 28
\BOOKMARK [1][-]{section.6.2}{\376\377\000U\000t\000f\000o\000r\000d\000r\000i\000n\000g\000e\000r}{chapter.6}% 29
\BOOKMARK [1][-]{section.6.3}{\376\377\000V\000o\000l\000u\000m\000\040\000o\000g\000\040\000H\000\370\000g\000b\000e\000l\000a\000s\000t\000n\000i\000n\000g}{chapter.6}% 30
\BOOKMARK [0][-]{chapter.7}{\376\377\000D\000o\000k\000u\000m\000e\000n\000t\000a\000s\000j\000o\000n}{}% 31
\BOOKMARK [1][-]{section.7.1}{\376\377\000V\000e\000r\000k\000e\000m\000\345\000t\000e}{chapter.7}% 32
\BOOKMARK [1][-]{section.7.2}{\376\377\000I\000n\000t\000e\000r\000l\000o\000c\000k}{chapter.7}% 33
\BOOKMARK [1][-]{section.7.3}{\376\377\000I\000O\000-\000l\000i\000s\000t\000e}{chapter.7}% 34
\BOOKMARK [1][-]{section.7.4}{\376\377\000O\000b\000j\000e\000k\000t\000l\000i\000s\000t\000e}{chapter.7}% 35
\BOOKMARK [1][-]{section.7.5}{\376\377\000A\000l\000a\000r\000m\000l\000i\000s\000t\000e}{chapter.7}% 36
\BOOKMARK [1][-]{section.7.6}{\376\377\000P\000-\000I\000D}{chapter.7}% 37
\BOOKMARK [1][-]{section.7.7}{\376\377\000S\000C\000D\000-\000D\000i\000a\000g\000r\000a\000m}{chapter.7}% 38
\BOOKMARK [0][-]{chapter.8}{\376\377\000S\000i\000m\000u\000l\000e\000r\000i\000n\000g\000\040\000o\000g\000\040\000v\000e\000r\000i\000f\000i\000s\000e\000r\000i\000n\000g}{}% 39
\BOOKMARK [1][-]{section.8.1}{\376\377\000K\000o\000n\000t\000i\000n\000u\000e\000r\000l\000i\000g\000\040\000s\000i\000m\000u\000l\000e\000r\000i\000n\000g\000g}{chapter.8}% 40
\BOOKMARK [0][-]{chapter.9}{\376\377\000D\000i\000s\000k\000u\000s\000j\000o\000n}{}% 41
\BOOKMARK [1][-]{section.9.1}{\376\377\000V\000e\000g\000e\000n\000\040\000v\000i\000d\000e\000r\000e\000\040\000f\000o\000r\000\040\000a\000n\000l\000e\000g\000g\000e\000t}{chapter.9}% 42
\BOOKMARK [0][-]{chapter.10}{\376\377\000K\000o\000n\000k\000l\000u\000s\000j\000o\000n}{}% 43
\BOOKMARK [1][-]{section.10.1}{\376\377\000A\000v\000s\000l\000u\000t\000t\000i\000n\000g}{chapter.10}% 44
\BOOKMARK [1][-]{section.10.2}{\376\377\000K\000o\000n\000k\000l\000u\000s\000j\000o\000n}{chapter.10}% 45
\BOOKMARK [1][-]{section.10.3}{\376\377\000E\000x\000i\000t\000\040\000P\000o\000i\000n\000t\000s}{chapter.10}% 46
\BOOKMARK [0][-]{section*.13}{\376\377\000L\000i\000s\000t\000e\000\040\000a\000v\000\040\000A\000p\000p\000e\000n\000d\000i\000k\000s\000e\000r}{}% 47
\BOOKMARK [0][-]{appendix.1.A}{\376\377\000G\000a\000n\000t}{}% 48
\BOOKMARK [1][-]{section.1.A.1}{\376\377\000G\000a\000n\000t}{appendix.1.A}% 49
\BOOKMARK [0][-]{appendix.1.B}{\376\377\000I\000E\000C\000\040\000B\000l\000o\000k\000k\000e\000r}{}% 50
\BOOKMARK [1][-]{section.1.B.1}{\376\377\000M\000o\000n\000t\000o\000r\000\040\000b\000i\000n\000a\000r\000y}{appendix.1.B}% 51
\BOOKMARK [1][-]{section.1.B.2}{\376\377\000M\000o\000n\000i\000t\000o\000r\000\040\000A\000n\000a\000l\000o\000g\000u\000e}{appendix.1.B}% 52
\BOOKMARK [1][-]{section.1.B.3}{\376\377\000S\000w\000i\000t\000c\000h\000\040\000B\000i\000n\000a\000r\000y\000\040\000E\000l\000e\000t\000r\000i\000c\000a\000l}{appendix.1.B}% 53
\BOOKMARK [1][-]{section.1.B.4}{\376\377\000S\000w\000i\000t\000c\000h\000\040\000B\000i\000n\000a\000r\000y\000\040\000V\000a\000l\000u\000e}{appendix.1.B}% 54
\BOOKMARK [0][-]{appendix.1.C}{\376\377\000F\000u\000n\000k\000s\000j\000o\000n\000s\000\040\000B\000l\000o\000k\000k\000e\000r}{}% 55
\BOOKMARK [1][-]{section.1.C.1}{\376\377\000F\000B\000\040\000P\000a\000u\000s\000e\000\040\000S\000e\000k\000v\000e\000n\000s}{appendix.1.C}% 56
\BOOKMARK [1][-]{section.1.C.2}{\376\377\000F\000B\000\040\000I\000n\000n\000p\000u\000m\000p\000i\000n\000g\000s\000\040\000S\000e\000k\000v\000e\000n\000s}{appendix.1.C}% 57
\BOOKMARK [1][-]{section.1.C.3}{\376\377\000F\000B\000\040\000R\000e\000a\000k\000s\000j\000o\000n\000\040\000S\000e\000k\000v\000e\000n\000s}{appendix.1.C}% 58
\BOOKMARK [1][-]{section.1.C.4}{\376\377\000F\000B\000\040\000S\000e\000d\000i\000m\000e\000n\000t\000e\000r\000i\000n\000g\000\040\000S\000e\000k\000v\000e\000n\000s}{appendix.1.C}% 59
\BOOKMARK [1][-]{section.1.C.5}{\376\377\000F\000B\000\040\000U\000t\000t\000a\000p\000p\000i\000n\000g\000\040\000S\000e\000k\000v\000e\000n\000s}{appendix.1.C}% 60
\BOOKMARK [1][-]{section.1.C.6}{\376\377\000F\000B\000\040\000S\000l\000a\000m\000m\000u\000t\000t\000a\000k}{appendix.1.C}% 61
\BOOKMARK [1][-]{section.1.C.7}{\376\377\000F\000B\000\040\000A\000n\000a\000l\000o\000g\000\040\000a\000l\000a\000r\000m}{appendix.1.C}% 62
\BOOKMARK [1][-]{section.1.C.8}{\376\377\000F\000B\000\040\000D\000i\000g\000i\000t\000a\000l\000\040\000a\000l\000a\000r\000m}{appendix.1.C}% 63
\BOOKMARK [1][-]{section.1.C.9}{\376\377\000F\000B\000\040\000K\000a\000l\000k\000u\000l\000e\000r\000i\000n\000g\000e\000r}{appendix.1.C}% 64
\BOOKMARK [1][-]{section.1.C.10}{\376\377\000F\000B\000\040\000D\000a\000t\000a\000\040\000P\000r\000o\000s\000s\000e\000s\000e\000r\000i\000n\000g}{appendix.1.C}% 65
\BOOKMARK [1][-]{section.1.C.11}{\376\377\000F\000B\000\040\000H\000i\000g\000h\000\040\000L\000o\000a\000d}{appendix.1.C}% 66
\BOOKMARK [1][-]{section.1.C.12}{\376\377\000F\000B\000\040\000P\000r\000o\000c\000e\000s\000s\000e\000d\000\040\000W\000a\000t\000e\000r}{appendix.1.C}% 67
\BOOKMARK [1][-]{section.1.C.13}{\376\377\000F\000B\000\040\000S\000i\000v\000b\000e\000d\000\040\000R\000o\000t\000a\000t\000i\000o\000n}{appendix.1.C}% 68
\BOOKMARK [1][-]{section.1.C.14}{\376\377\000F\000B\000\040\000S\000w\000a\000p}{appendix.1.C}% 69
\BOOKMARK [1][-]{section.1.C.15}{\376\377\000F\000B\000\040\000T\000i\000m\000e\000\040\000M\000e\000t\000e\000r}{appendix.1.C}% 70
\BOOKMARK [1][-]{section.1.C.16}{\376\377\000F\000B\000\040\000T\000i\000m\000e\000r}{appendix.1.C}% 71
\BOOKMARK [0][-]{appendix.1.D}{\376\377\000F\000u\000n\000k\000s\000j\000o\000n\000e\000r}{}% 72
\BOOKMARK [1][-]{section.1.D.1}{\376\377\000F\000C\000\040\000V\000o\000l\000u\000m\000\040\000r\000e\000k\000t\000a\000n\000g\000e\000l}{appendix.1.D}% 73
\BOOKMARK [1][-]{section.1.D.2}{\376\377\000F\000C\000\040\000V\000o\000l\000u\000m\000\040\000S\000y\000l\000i\000n\000d\000e\000r}{appendix.1.D}% 74
\BOOKMARK [0][-]{appendix.1.E}{\376\377\000I\000O\000\040\000l\000i\000s\000t\000e}{}% 75
